12-06-2024 21:43:46 INFO  Starting DiplomMotTest using Java 20.0.2 with PID 17340 (started by User in C:\java\Diplom v4)
12-06-2024 21:43:46 INFO  No active profile set, falling back to 1 default profile: "default"
12-06-2024 21:43:47 INFO  Bootstrapping Spring Data JPA repositories in DEFAULT mode.
12-06-2024 21:43:47 INFO  Finished Spring Data repository scanning in 33 ms. Found 1 JPA repository interface.
12-06-2024 21:43:47 INFO  HikariPool-1 - Starting...
12-06-2024 21:43:47 INFO  HikariPool-1 - Added connection conn0: url=jdbc:h2:mem:d13ddb0c-3bc1-42a1-9275-b7fcabfe99bb user=SA
12-06-2024 21:43:47 INFO  HikariPool-1 - Start completed.
12-06-2024 21:43:48 INFO  HHH000204: Processing PersistenceUnitInfo [name: default]
12-06-2024 21:43:48 INFO  HHH000412: Hibernate ORM core version 6.4.4.Final
12-06-2024 21:43:48 INFO  HHH000026: Second-level cache disabled
12-06-2024 21:43:48 INFO  No LoadTimeWeaver setup: ignoring JPA class transformer
12-06-2024 21:43:49 INFO  HHH000489: No JTA platform available (set 'hibernate.transaction.jta.platform' to enable JTA platform integration)
12-06-2024 21:43:49 INFO  Initialized JPA EntityManagerFactory for persistence unit 'default'
12-06-2024 21:43:49 WARN  spring.jpa.open-in-view is enabled by default. Therefore, database queries may be performed during view rendering. Explicitly configure spring.jpa.open-in-view to disable this warning
12-06-2024 21:43:49 INFO  Will secure any request with [org.springframework.security.web.session.DisableEncodeUrlFilter@260ccf0, org.springframework.security.web.context.request.async.WebAsyncManagerIntegrationFilter@2566247d, org.springframework.security.web.context.SecurityContextHolderFilter@3a36da5e, org.springframework.security.web.header.HeaderWriterFilter@3180131e, org.springframework.web.filter.CorsFilter@363a09a2, org.springframework.security.web.authentication.logout.LogoutFilter@610d0067, org.springframework.security.web.authentication.UsernamePasswordAuthenticationFilter@5e8a678a, org.springframework.security.web.savedrequest.RequestCacheAwareFilter@52afcdd8, org.springframework.security.web.servletapi.SecurityContextHolderAwareRequestFilter@397f925e, org.springframework.security.web.authentication.AnonymousAuthenticationFilter@63d14dbf, org.springframework.security.web.access.ExceptionTranslationFilter@6f9b5f01, org.springframework.security.web.access.intercept.AuthorizationFilter@18ab513d]
12-06-2024 21:43:49 INFO  Started DiplomMotTest in 3.399 seconds (process running for 4.316)
12-06-2024 21:43:50 INFO  Closing JPA EntityManagerFactory for persistence unit 'default'
12-06-2024 21:43:50 INFO  HikariPool-1 - Shutdown initiated...
12-06-2024 21:43:50 INFO  HikariPool-1 - Shutdown completed.
12-06-2024 21:44:02 INFO  Starting DiplomMotApplication using Java 20.0.2 with PID 8864 (C:\java\Diplom v4\target\classes started by User in C:\java\Diplom v4)
12-06-2024 21:44:02 INFO  No active profile set, falling back to 1 default profile: "default"
12-06-2024 21:44:03 INFO  Bootstrapping Spring Data JPA repositories in DEFAULT mode.
12-06-2024 21:44:03 INFO  Finished Spring Data repository scanning in 32 ms. Found 1 JPA repository interface.
12-06-2024 21:44:03 INFO  Tomcat initialized with port 8080 (http)
12-06-2024 21:44:03 INFO  Starting service [Tomcat]
12-06-2024 21:44:03 INFO  Starting Servlet engine: [Apache Tomcat/10.1.20]
12-06-2024 21:44:03 INFO  Initializing Spring embedded WebApplicationContext
12-06-2024 21:44:03 INFO  Root WebApplicationContext: initialization completed in 1041 ms
12-06-2024 21:44:04 INFO  HikariPool-1 - Starting...
12-06-2024 21:44:04 INFO  HikariPool-1 - Added connection conn0: url=jdbc:h2:mem:29d9a83e-4661-4cde-b058-6fce57796279 user=SA
12-06-2024 21:44:04 INFO  HikariPool-1 - Start completed.
12-06-2024 21:44:04 INFO  HHH000204: Processing PersistenceUnitInfo [name: default]
12-06-2024 21:44:04 INFO  HHH000412: Hibernate ORM core version 6.4.4.Final
12-06-2024 21:44:04 INFO  HHH000026: Second-level cache disabled
12-06-2024 21:44:04 INFO  No LoadTimeWeaver setup: ignoring JPA class transformer
12-06-2024 21:44:04 INFO  HHH000489: No JTA platform available (set 'hibernate.transaction.jta.platform' to enable JTA platform integration)
12-06-2024 21:44:04 INFO  Initialized JPA EntityManagerFactory for persistence unit 'default'
12-06-2024 21:44:05 WARN  spring.jpa.open-in-view is enabled by default. Therefore, database queries may be performed during view rendering. Explicitly configure spring.jpa.open-in-view to disable this warning
12-06-2024 21:44:05 INFO  Will secure any request with [org.springframework.security.web.session.DisableEncodeUrlFilter@532e00bd, org.springframework.security.web.context.request.async.WebAsyncManagerIntegrationFilter@47ab3688, org.springframework.security.web.context.SecurityContextHolderFilter@690e7b89, org.springframework.security.web.header.HeaderWriterFilter@5d24703e, org.springframework.web.filter.CorsFilter@47fbf95e, org.springframework.security.web.authentication.logout.LogoutFilter@dc3eda6, org.springframework.security.web.authentication.UsernamePasswordAuthenticationFilter@47d7e4b6, org.springframework.security.web.savedrequest.RequestCacheAwareFilter@518b0c12, org.springframework.security.web.servletapi.SecurityContextHolderAwareRequestFilter@5af1b221, org.springframework.security.web.authentication.AnonymousAuthenticationFilter@49482761, org.springframework.security.web.access.ExceptionTranslationFilter@2686a801, org.springframework.security.web.access.intercept.AuthorizationFilter@3b3b2290]
12-06-2024 21:44:05 INFO  Tomcat started on port 8080 (http) with context path ''
12-06-2024 21:44:05 INFO  Started DiplomMotApplication in 3.01 seconds (process running for 3.213)
12-06-2024 21:44:08 INFO  Closing JPA EntityManagerFactory for persistence unit 'default'
12-06-2024 21:44:08 INFO  HikariPool-1 - Shutdown initiated...
12-06-2024 21:44:08 INFO  HikariPool-1 - Shutdown completed.
